<?xml version="1.0" encoding="UTF-8"?>
<testsuite xmlns:xsi="http://www.w3.org/2001/XMLSchema-instance" xsi:noNamespaceSchemaLocation="https://maven.apache.org/surefire/maven-surefire-plugin/xsd/surefire-test-report-3.0.xsd" version="3.0" name="TestSuite" time="378.12" tests="10" errors="0" skipped="0" failures="1">
  <properties>
[...]
</properties>
  <testcase name="runScenario[&quot;corporate car rental page&quot;, &quot;Optional[Corporate car rental]&quot;](1)" classname="com.mindtree.runner.BDDTestRunner" time="79.539">
    <system-out><![CDATA[CorporateCarRental
01-17-2022 11:14:10 ExtentLogUtilities.java INFO  [main] stepDefinitions.outstationStepDef 14 - URL Opened
01-17-2022 11:14:13 ExtentLogUtilities.java INFO  [main] stepDefinitions.outstationStepDef 14 - car rental is clicked in page rental
01-17-2022 11:14:21 ExtentLogUtilities.java INFO  [main] stepDefinitions.outstationStepDef 14 - name is clicked in page name
01-17-2022 11:14:23 ExtentLogUtilities.java INFO  [main] stepDefinitions.outstationStepDef 14 - name is send in page name
01-17-2022 11:14:26 ExtentLogUtilities.java INFO  [main] stepDefinitions.outstationStepDef 14 - company name is clicked in page compname
01-17-2022 11:14:28 ExtentLogUtilities.java INFO  [main] stepDefinitions.outstationStepDef 14 - company name is send in page compname
01-17-2022 11:14:31 ExtentLogUtilities.java INFO  [main] stepDefinitions.outstationStepDef 14 - email is clicked in page email
01-17-2022 11:14:33 ExtentLogUtilities.java INFO  [main] stepDefinitions.outstationStepDef 14 - email is send in page email
01-17-2022 11:14:35 ExtentLogUtilities.java INFO  [main] stepDefinitions.outstationStepDef 14 - phone no is clicked in page phoneno
01-17-2022 11:14:37 ExtentLogUtilities.java INFO  [main] stepDefinitions.outstationStepDef 14 - phone no is send in page phoneno
01-17-2022 11:14:39 ExtentLogUtilities.java INFO  [main] stepDefinitions.outstationStepDef 14 - submit is clicked in page submit
01-17-2022 11:15:01 ExtentLogUtilities.java INFO  [main] stepDefinitions.outstationStepDef 14 - result detail shown 
01-17-2022 11:15:04 ExtentLogUtilities.java INFO  [main] stepDefinitions.outstationStepDef 14 - home page is clicked in page home page
]]></system-out>
    <system-err><![CDATA[Starting ChromeDriver 96.0.4664.45 (76e4c1bb2ab4671b8beba3444e61c0f17584b2fc-refs/branch-heads/4664@{#947}) on port 12255
Only local connections are allowed.
Please see https://chromedriver.chromium.org/security-considerations for suggestions on keeping ChromeDriver safe.
ChromeDriver was started successfully.
[1642398241.528][WARNING]: This version of ChromeDriver has not been tested with Chrome version 97.
Jan 17, 2022 11:14:01 AM org.openqa.selenium.remote.ProtocolHandshake createSession
INFO: Detected dialect: W3C
]]></system-err>
  </testcase>
  <testcase name="runScenario[&quot;selecting chen-trl in in onewaycab&quot;, &quot;Optional[Oneway cab page]&quot;](2)" classname="com.mindtree.runner.BDDTestRunner" time="46.145">
    <system-out><![CDATA[OneWayCabs
01-17-2022 11:15:21 ExtentLogUtilities.java INFO  [main] stepDefinitions.validpageStepDef 14 - URL Opened
01-17-2022 11:15:24 ExtentLogUtilities.java INFO  [main] stepDefinitions.validpageStepDef 14 - One way cab is clicked in page onewaycab
01-17-2022 11:15:38 ExtentLogUtilities.java INFO  [main] stepDefinitions.validpageStepDef 14 - chennaitab is clicked in page chennai
01-17-2022 11:15:41 ExtentLogUtilities.java INFO  [main] stepDefinitions.validpageStepDef 14 - trl is clicked in page trl
Book Outstation Cabs, Local & Airport Taxi Service - India's Leading Car Rentals
01-17-2022 11:15:51 ExtentLogUtilities.java INFO  [main] stepDefinitions.validpageStepDef 14 - home page is clicked in page home page
]]></system-out>
    <system-err><![CDATA[Starting ChromeDriver 96.0.4664.45 (76e4c1bb2ab4671b8beba3444e61c0f17584b2fc-refs/branch-heads/4664@{#947}) on port 2629
Only local connections are allowed.
Please see https://chromedriver.chromium.org/security-considerations for suggestions on keeping ChromeDriver safe.
ChromeDriver was started successfully.
[1642398312.642][WARNING]: This version of ChromeDriver has not been tested with Chrome version 97.
Jan 17, 2022 11:15:12 AM org.openqa.selenium.remote.ProtocolHandshake createSession
INFO: Detected dialect: W3C
]]></system-err>
  </testcase>
  <testcase name="runScenario[&quot;Validating With valid Email And Password&quot;, &quot;Optional[Log in Validation]&quot;](3)" classname="com.mindtree.runner.BDDTestRunner" time="29.977">
    <system-out><![CDATA[Valid page
01-17-2022 11:16:08 ExtentLogUtilities.java INFO  [main] stepDefinitions.validpageStepDef 14 - URL Opened
01-17-2022 11:16:10 ExtentLogUtilities.java INFO  [main] stepDefinitions.validpageStepDef 14 - signin is clicked in page home page
01-17-2022 11:16:17 ExtentLogUtilities.java INFO  [main] stepDefinitions.validpageStepDef 14 - Email field is send in page Account Log in
01-17-2022 11:16:18 ExtentLogUtilities.java INFO  [main] stepDefinitions.validpageStepDef 14 - password field is send in page Account Log in
01-17-2022 11:16:20 ExtentLogUtilities.java INFO  [main] stepDefinitions.validpageStepDef 14 - sign in button is clicked in page Account Log in
01-17-2022 11:16:21 ExtentLogUtilities.java INFO  [main] stepDefinitions.validpageStepDef 14 - Successfully logged in
]]></system-out>
    <system-err><![CDATA[Starting ChromeDriver 96.0.4664.45 (76e4c1bb2ab4671b8beba3444e61c0f17584b2fc-refs/branch-heads/4664@{#947}) on port 15399
Only local connections are allowed.
Please see https://chromedriver.chromium.org/security-considerations for suggestions on keeping ChromeDriver safe.
ChromeDriver was started successfully.
[1642398357.279][WARNING]: This version of ChromeDriver has not been tested with Chrome version 97.
Jan 17, 2022 11:15:57 AM org.openqa.selenium.remote.ProtocolHandshake createSession
INFO: Detected dialect: W3C
]]></system-err>
  </testcase>
  <testcase name="runScenario[&quot;signout application&quot;, &quot;Optional[signout app]&quot;](4)" classname="com.mindtree.runner.BDDTestRunner" time="32.768">
    <system-out><![CDATA[Signout
01-17-2022 11:16:36 ExtentLogUtilities.java INFO  [main] stepDefinitions.outstationStepDef 14 - URL Opened
01-17-2022 11:16:38 ExtentLogUtilities.java INFO  [main] stepDefinitions.outstationStepDef 14 - signin is clicked in page home page
01-17-2022 11:16:44 ExtentLogUtilities.java INFO  [main] stepDefinitions.outstationStepDef 14 - Email field is send in page Account Log in
01-17-2022 11:16:45 ExtentLogUtilities.java INFO  [main] stepDefinitions.outstationStepDef 14 - password field is send in page Account Log in
01-17-2022 11:16:47 ExtentLogUtilities.java INFO  [main] stepDefinitions.outstationStepDef 14 - sign in button is clicked in page Account Log in
01-17-2022 11:16:48 ExtentLogUtilities.java INFO  [main] stepDefinitions.outstationStepDef 14 - img is clicked in page img
01-17-2022 11:16:52 ExtentLogUtilities.java INFO  [main] stepDefinitions.outstationStepDef 14 - logout is clicked in page logout
01-17-2022 11:16:53 ExtentLogUtilities.java INFO  [main] stepDefinitions.outstationStepDef 14 - Signed out sucessfully 
]]></system-out>
    <system-err><![CDATA[Starting ChromeDriver 96.0.4664.45 (76e4c1bb2ab4671b8beba3444e61c0f17584b2fc-refs/branch-heads/4664@{#947}) on port 20442
Only local connections are allowed.
Please see https://chromedriver.chromium.org/security-considerations for suggestions on keeping ChromeDriver safe.
ChromeDriver was started successfully.
[1642398386.787][WARNING]: This version of ChromeDriver has not been tested with Chrome version 97.
Jan 17, 2022 11:16:27 AM org.openqa.selenium.remote.ProtocolHandshake createSession
INFO: Detected dialect: W3C
]]></system-err>
  </testcase>
  <testcase name="runScenario[&quot;selecting car in airport&quot;, &quot;Optional[airport book]&quot;](5)" classname="com.mindtree.runner.BDDTestRunner" time="38.144">
    <failure message="no such element: Unable to locate element: {&quot;method&quot;:&quot;xpath&quot;,&quot;selector&quot;:&quot;//div[@class=&apos;card ng-star-inserted&apos;]&quot;}&#10;  (Session info: chrome=97.0.4692.71)&#10;For documentation on this error, please visit: https://www.seleniumhq.org/exceptions/no_such_element.html&#10;Build info: version: &apos;3.141.59&apos;, revision: &apos;e82be7d358&apos;, time: &apos;2018-11-14T08:17:03&apos;&#10;System info: host: &apos;JARVIS&apos;, ip: &apos;192.168.43.101&apos;, os.name: &apos;Windows 10&apos;, os.arch: &apos;amd64&apos;, os.version: &apos;10.0&apos;, java.version: &apos;12&apos;&#10;Driver info: org.openqa.selenium.chrome.ChromeDriver&#10;Capabilities {acceptInsecureCerts: false, browserName: chrome, browserVersion: 97.0.4692.71, chrome: {chromedriverVersion: 96.0.4664.45 (76e4c1bb2ab46..., userDataDir: C:\Users\JARVIS\AppData\Loc...}, goog:chromeOptions: {debuggerAddress: localhost:59131}, javascriptEnabled: true, networkConnectionEnabled: false, pageLoadStrategy: normal, platform: WINDOWS, platformName: WINDOWS, proxy: Proxy(), setWindowRect: true, strictFileInteractability: false, timeouts: {implicit: 0, pageLoad: 300000, script: 30000}, unhandledPromptBehavior: dismiss and notify, webauthn:extension:credBlob: true, webauthn:extension:largeBlob: true, webauthn:virtualAuthenticators: true}&#10;Session ID: 07e5c6607131debbc8daf03445b05142&#10;*** Element info: {Using=xpath, value=//div[@class=&apos;card ng-star-inserted&apos;]}" type="com.mindtree.exceptions.PageObjectException"><![CDATA[com.mindtree.exceptions.PageObjectException: 
no such element: Unable to locate element: {"method":"xpath","selector":"//div[@class='card ng-star-inserted']"}
  (Session info: chrome=97.0.4692.71)
For documentation on this error, please visit: https://www.seleniumhq.org/exceptions/no_such_element.html
Build info: version: '3.141.59', revision: 'e82be7d358', time: '2018-11-14T08:17:03'
System info: host: 'JARVIS', ip: '192.168.43.101', os.name: 'Windows 10', os.arch: 'amd64', os.version: '10.0', java.version: '12'
Driver info: org.openqa.selenium.chrome.ChromeDriver
Capabilities {acceptInsecureCerts: false, browserName: chrome, browserVersion: 97.0.4692.71, chrome: {chromedriverVersion: 96.0.4664.45 (76e4c1bb2ab46..., userDataDir: C:\Users\JARVIS\AppData\Loc...}, goog:chromeOptions: {debuggerAddress: localhost:59131}, javascriptEnabled: true, networkConnectionEnabled: false, pageLoadStrategy: normal, platform: WINDOWS, platformName: WINDOWS, proxy: Proxy(), setWindowRect: true, strictFileInteractability: false, timeouts: {implicit: 0, pageLoad: 300000, script: 30000}, unhandledPromptBehavior: dismiss and notify, webauthn:extension:credBlob: true, webauthn:extension:largeBlob: true, webauthn:virtualAuthenticators: true}
Session ID: 07e5c6607131debbc8daf03445b05142
*** Element info: {Using=xpath, value=//div[@class='card ng-star-inserted']}
]]></failure>
    <system-out><![CDATA[airport page
01-17-2022 11:17:08 ExtentLogUtilities.java INFO  [main] stepDefinitions.validpageStepDef 14 - URL Opened
01-17-2022 11:17:11 ExtentLogUtilities.java INFO  [main] stepDefinitions.validpageStepDef 14 - airport is clicked in page airport
01-17-2022 11:17:13 ExtentLogUtilities.java INFO  [main] stepDefinitions.validpageStepDef 14 - from place is clicked in page from
01-17-2022 11:17:15 ExtentLogUtilities.java INFO  [main] stepDefinitions.validpageStepDef 14 - place is send in page from
01-17-2022 11:17:16 ExtentLogUtilities.java INFO  [main] stepDefinitions.validpageStepDef 14 - from is clicked in page from
01-17-2022 11:17:18 ExtentLogUtilities.java INFO  [main] stepDefinitions.validpageStepDef 14 - dropaddress is clicked in page address
01-17-2022 11:17:20 ExtentLogUtilities.java INFO  [main] stepDefinitions.validpageStepDef 14 - dropaddress is send in page address
01-17-2022 11:17:24 ExtentLogUtilities.java INFO  [main] stepDefinitions.validpageStepDef 14 - dropaddress is clicked in page address
01-17-2022 11:17:27 ExtentLogUtilities.java INFO  [main] stepDefinitions.validpageStepDef 14 - selected is clicked in page select
01-17-2022 11:17:31 ExtentLogUtilities.java INFO  [main] stepDefinitions.validpageStepDef 14 - select car is clicked in page select
]]></system-out>
    <system-err><![CDATA[Starting ChromeDriver 96.0.4664.45 (76e4c1bb2ab4671b8beba3444e61c0f17584b2fc-refs/branch-heads/4664@{#947}) on port 22814
Only local connections are allowed.
Please see https://chromedriver.chromium.org/security-considerations for suggestions on keeping ChromeDriver safe.
ChromeDriver was started successfully.
[1642398419.944][WARNING]: This version of ChromeDriver has not been tested with Chrome version 97.
Jan 17, 2022 11:17:00 AM org.openqa.selenium.remote.ProtocolHandshake createSession
INFO: Detected dialect: W3C
]]></system-err>
  </testcase>
  <testcase name="runScenario[&quot;verify download app&quot;, &quot;Optional[download app]&quot;](6)" classname="com.mindtree.runner.BDDTestRunner" time="25.217">
    <system-out><![CDATA[downloadapp page
01-17-2022 11:17:45 ExtentLogUtilities.java INFO  [main] stepDefinitions.downloadappStepDef 14 - URL Opened
01-17-2022 11:17:47 ExtentLogUtilities.java INFO  [main] stepDefinitions.downloadappStepDef 14 - playstore is clicked in page playstore
01-17-2022 11:17:56 ExtentLogUtilities.java INFO  [main] stepDefinitions.downloadappStepDef 14 - playsrore detail shown 
01-17-2022 11:17:57 ExtentLogUtilities.java INFO  [main] stepDefinitions.downloadappStepDef 14 - home page is clicked in page home page
]]></system-out>
    <system-err><![CDATA[Starting ChromeDriver 96.0.4664.45 (76e4c1bb2ab4671b8beba3444e61c0f17584b2fc-refs/branch-heads/4664@{#947}) on port 6484
Only local connections are allowed.
Please see https://chromedriver.chromium.org/security-considerations for suggestions on keeping ChromeDriver safe.
ChromeDriver was started successfully.
[1642398457.592][WARNING]: This version of ChromeDriver has not been tested with Chrome version 97.
Jan 17, 2022 11:17:37 AM org.openqa.selenium.remote.ProtocolHandshake createSession
INFO: Detected dialect: W3C
]]></system-err>
  </testcase>
  <testcase name="runScenario[&quot;selecting car in local&quot;, &quot;Optional[local book]&quot;](7)" classname="com.mindtree.runner.BDDTestRunner" time="30.017">
    <system-out><![CDATA[Valid page
01-17-2022 11:18:11 ExtentLogUtilities.java INFO  [main] stepDefinitions.validpageStepDef 14 - URL Opened
01-17-2022 11:18:13 ExtentLogUtilities.java INFO  [main] stepDefinitions.validpageStepDef 14 - local is clicked in page local
01-17-2022 11:18:15 ExtentLogUtilities.java INFO  [main] stepDefinitions.validpageStepDef 14 - from place is clicked in page from
01-17-2022 11:18:16 ExtentLogUtilities.java INFO  [main] stepDefinitions.validpageStepDef 14 - place is send in page from
01-17-2022 11:18:21 ExtentLogUtilities.java INFO  [main] stepDefinitions.validpageStepDef 14 - selected is clicked in page select
01-17-2022 11:18:24 ExtentLogUtilities.java INFO  [main] stepDefinitions.validpageStepDef 14 - time is clicked in page time
01-17-2022 11:18:25 ExtentLogUtilities.java INFO  [main] stepDefinitions.validpageStepDef 14 - select car is clicked in page select
01-17-2022 11:18:27 ExtentLogUtilities.java INFO  [main] stepDefinitions.validpageStepDef 14 - booking detail shown 
01-17-2022 11:18:28 ExtentLogUtilities.java INFO  [main] stepDefinitions.validpageStepDef 14 - home page is clicked in page home page
]]></system-out>
    <system-err><![CDATA[Starting ChromeDriver 96.0.4664.45 (76e4c1bb2ab4671b8beba3444e61c0f17584b2fc-refs/branch-heads/4664@{#947}) on port 34250
Only local connections are allowed.
Please see https://chromedriver.chromium.org/security-considerations for suggestions on keeping ChromeDriver safe.
ChromeDriver was started successfully.
[1642398482.967][WARNING]: This version of ChromeDriver has not been tested with Chrome version 97.
Jan 17, 2022 11:18:03 AM org.openqa.selenium.remote.ProtocolHandshake createSession
INFO: Detected dialect: W3C
]]></system-err>
  </testcase>
  <testcase name="runScenario[&quot;selecting car in outstation&quot;, &quot;Optional[Outstation book]&quot;](8)" classname="com.mindtree.runner.BDDTestRunner" time="36.148">
    <system-out><![CDATA[out station
01-17-2022 11:18:41 ExtentLogUtilities.java INFO  [main] stepDefinitions.outstationStepDef 14 - URL Opened
01-17-2022 11:18:43 ExtentLogUtilities.java INFO  [main] stepDefinitions.outstationStepDef 14 - from place is clicked in page from
01-17-2022 11:18:45 ExtentLogUtilities.java INFO  [main] stepDefinitions.outstationStepDef 14 - place is send in page from
01-17-2022 11:18:46 ExtentLogUtilities.java INFO  [main] stepDefinitions.outstationStepDef 14 - place is clicked in page to
01-17-2022 11:18:48 ExtentLogUtilities.java INFO  [main] stepDefinitions.outstationStepDef 14 - place is send in page to
01-17-2022 11:18:49 ExtentLogUtilities.java INFO  [main] stepDefinitions.outstationStepDef 14 - place is clicked in page to
01-17-2022 11:18:56 ExtentLogUtilities.java INFO  [main] stepDefinitions.outstationStepDef 14 - selected is clicked in page select
01-17-2022 11:18:58 ExtentLogUtilities.java INFO  [main] stepDefinitions.outstationStepDef 14 - Successfully verified
01-17-2022 11:19:01 ExtentLogUtilities.java INFO  [main] stepDefinitions.outstationStepDef 14 - home page is clicked in page home page
]]></system-out>
    <system-err><![CDATA[Starting ChromeDriver 96.0.4664.45 (76e4c1bb2ab4671b8beba3444e61c0f17584b2fc-refs/branch-heads/4664@{#947}) on port 34701
Only local connections are allowed.
Please see https://chromedriver.chromium.org/security-considerations for suggestions on keeping ChromeDriver safe.
ChromeDriver was started successfully.
[1642398512.763][WARNING]: This version of ChromeDriver has not been tested with Chrome version 97.
Jan 17, 2022 11:18:32 AM org.openqa.selenium.remote.ProtocolHandshake createSession
INFO: Detected dialect: W3C
]]></system-err>
  </testcase>
  <testcase name="runScenario[&quot;selecting car in roundtrip&quot;, &quot;Optional[roundtrip book]&quot;](9)" classname="com.mindtree.runner.BDDTestRunner" time="38.997">
    <system-out><![CDATA[Valid page
01-17-2022 11:19:18 ExtentLogUtilities.java INFO  [main] stepDefinitions.validpageStepDef 14 - URL Opened
01-17-2022 11:19:22 ExtentLogUtilities.java INFO  [main] stepDefinitions.validpageStepDef 14 - round is clicked in page round
01-17-2022 11:19:23 ExtentLogUtilities.java INFO  [main] stepDefinitions.validpageStepDef 14 - from place is clicked in page from
01-17-2022 11:19:25 ExtentLogUtilities.java INFO  [main] stepDefinitions.validpageStepDef 14 - place is send in page from
01-17-2022 11:19:26 ExtentLogUtilities.java INFO  [main] stepDefinitions.validpageStepDef 14 - place is clicked in page to
01-17-2022 11:19:28 ExtentLogUtilities.java INFO  [main] stepDefinitions.validpageStepDef 14 - place is send in page to
01-17-2022 11:19:30 ExtentLogUtilities.java INFO  [main] stepDefinitions.validpageStepDef 14 - place is clicked in page to
01-17-2022 11:19:36 ExtentLogUtilities.java INFO  [main] stepDefinitions.validpageStepDef 14 - selected is clicked in page select
01-17-2022 11:19:39 ExtentLogUtilities.java INFO  [main] stepDefinitions.validpageStepDef 14 - select car is clicked in page select
01-17-2022 11:19:41 ExtentLogUtilities.java INFO  [main] stepDefinitions.validpageStepDef 14 - booking detail shown 
01-17-2022 11:19:42 ExtentLogUtilities.java INFO  [main] stepDefinitions.validpageStepDef 14 - home page is clicked in page home page
]]></system-out>
    <system-err><![CDATA[Starting ChromeDriver 96.0.4664.45 (76e4c1bb2ab4671b8beba3444e61c0f17584b2fc-refs/branch-heads/4664@{#947}) on port 44561
Only local connections are allowed.
Please see https://chromedriver.chromium.org/security-considerations for suggestions on keeping ChromeDriver safe.
ChromeDriver was started successfully.
[1642398549.445][WARNING]: This version of ChromeDriver has not been tested with Chrome version 97.
Jan 17, 2022 11:19:09 AM org.openqa.selenium.remote.ProtocolHandshake createSession
INFO: Detected dialect: W3C
]]></system-err>
  </testcase>
  <testcase name="runScenario[&quot;validate the page title&quot;, &quot;Optional[Validate Page]&quot;](10)" classname="com.mindtree.runner.BDDTestRunner" time="17.637">
    <system-out><![CDATA[Valid page
01-17-2022 11:19:58 ExtentLogUtilities.java INFO  [main] stepDefinitions.validpageStepDef 14 - URL Opened
01-17-2022 11:20:00 ExtentLogUtilities.java INFO  [main] stepDefinitions.validpageStepDef 14 - Page opend with title Book Outstation Cabs, Local & Airport Taxi Service - India's Leading Car Rentals
]]></system-out>
    <system-err><![CDATA[Starting ChromeDriver 96.0.4664.45 (76e4c1bb2ab4671b8beba3444e61c0f17584b2fc-refs/branch-heads/4664@{#947}) on port 18739
Only local connections are allowed.
Please see https://chromedriver.chromium.org/security-considerations for suggestions on keeping ChromeDriver safe.
ChromeDriver was started successfully.
[1642398589.047][WARNING]: This version of ChromeDriver has not been tested with Chrome version 97.
Jan 17, 2022 11:19:49 AM org.openqa.selenium.remote.ProtocolHandshake createSession
INFO: Detected dialect: W3C
]]></system-err>
  </testcase>
</testsuite>