<?xml version="1.0" encoding="UTF-8"?>
<testng-results ignored="0" total="10" passed="8" failed="2" skipped="0">
  <reporter-output>
  </reporter-output>
  <suite started-at="2022-01-16T18:26:04 IST" name="Default suite" finished-at="2022-01-16T18:33:05 IST" duration-ms="420917">
    <groups>
      <group name="cucumber">
        <method signature="AbstractTestNGCucumberTests.runScenario(io.cucumber.testng.PickleWrapper, io.cucumber.testng.FeatureWrapper)[pri:0, instance:com.mindtree.runner.BDDTestRunner@399f45b1]" name="runScenario" class="io.cucumber.testng.AbstractTestNGCucumberTests"/>
      </group> <!-- cucumber -->
    </groups>
    <test started-at="2022-01-16T18:26:04 IST" name="Default test" finished-at="2022-01-16T18:33:05 IST" duration-ms="420917">
      <class name="com.mindtree.runner.BDDTestRunner">
        <test-method is-config="true" signature="setUpClass(org.testng.ITestContext)[pri:0, instance:com.mindtree.runner.BDDTestRunner@399f45b1]" started-at="2022-01-16T18:26:04 IST" name="setUpClass" finished-at="2022-01-16T18:26:06 IST" duration-ms="2454" status="PASS">
          <params>
            <param index="0">
              <value>
                <![CDATA[org.testng.TestRunner@5927f904]]>
              </value>
            </param>
          </params>
          <reporter-output>
          </reporter-output>
        </test-method> <!-- setUpClass -->
        <test-method signature="runScenario(io.cucumber.testng.PickleWrapper, io.cucumber.testng.FeatureWrapper)[pri:0, instance:com.mindtree.runner.BDDTestRunner@399f45b1]" started-at="2022-01-16T18:26:06 IST" name="runScenario" description="Runs Cucumber Scenarios" data-provider="scenarios" finished-at="2022-01-16T18:28:12 IST" duration-ms="126115" status="PASS">
          <params>
            <param index="0">
              <value>
                <![CDATA["corporate car rental page"]]>
              </value>
            </param>
            <param index="1">
              <value>
                <![CDATA["Optional[Corporate car rental]"]]>
              </value>
            </param>
          </params>
          <reporter-output>
          </reporter-output>
        </test-method> <!-- runScenario -->
        <test-method signature="runScenario(io.cucumber.testng.PickleWrapper, io.cucumber.testng.FeatureWrapper)[pri:0, instance:com.mindtree.runner.BDDTestRunner@399f45b1]" started-at="2022-01-16T18:28:13 IST" name="runScenario" description="Runs Cucumber Scenarios" data-provider="scenarios" finished-at="2022-01-16T18:29:00 IST" duration-ms="47436" status="PASS">
          <params>
            <param index="0">
              <value>
                <![CDATA["selecting chen-trl in in onewaycab"]]>
              </value>
            </param>
            <param index="1">
              <value>
                <![CDATA["Optional[Oneway cab page]"]]>
              </value>
            </param>
          </params>
          <reporter-output>
          </reporter-output>
        </test-method> <!-- runScenario -->
        <test-method signature="runScenario(io.cucumber.testng.PickleWrapper, io.cucumber.testng.FeatureWrapper)[pri:0, instance:com.mindtree.runner.BDDTestRunner@399f45b1]" started-at="2022-01-16T18:29:00 IST" name="runScenario" description="Runs Cucumber Scenarios" data-provider="scenarios" finished-at="2022-01-16T18:29:26 IST" duration-ms="26341" status="PASS">
          <params>
            <param index="0">
              <value>
                <![CDATA["Validating With valid Email And Password"]]>
              </value>
            </param>
            <param index="1">
              <value>
                <![CDATA["Optional[Log in Validation]"]]>
              </value>
            </param>
          </params>
          <reporter-output>
          </reporter-output>
        </test-method> <!-- runScenario -->
        <test-method signature="runScenario(io.cucumber.testng.PickleWrapper, io.cucumber.testng.FeatureWrapper)[pri:0, instance:com.mindtree.runner.BDDTestRunner@399f45b1]" started-at="2022-01-16T18:29:26 IST" name="runScenario" description="Runs Cucumber Scenarios" data-provider="scenarios" finished-at="2022-01-16T18:30:04 IST" duration-ms="38027" status="FAIL">
          <params>
            <param index="0">
              <value>
                <![CDATA["signout application"]]>
              </value>
            </param>
            <param index="1">
              <value>
                <![CDATA["Optional[signout app]"]]>
              </value>
            </param>
          </params>
          <exception class="com.mindtree.exceptions.ReusableComponentException">
            <message>
              <![CDATA[booknow is not able clicked in page booknow]]>
            </message>
            <full-stacktrace>
              <![CDATA[com.mindtree.exceptions.ReusableComponentException: booknow is not able clicked in page booknow
at com.mindtree.reusableComponents.WebDriverSupport.click(WebDriverSupport.java:22)
at com.mindtree.pageObject.Signout.book(Signout.java:45)
at com.mindtree.stepDefinitions.SignoutStepDef.click_on_bookings_and_cancelled_and_comlplete_and_booknow(SignoutStepDef.java:64)
at ✽.click on bookings and cancelled and comlplete and booknow(file:///C:/Users/JARVIS/eclipse-workspace-new/BDDAssessment/Features/Signout.feature:10)
]]>
            </full-stacktrace>
          </exception> <!-- com.mindtree.exceptions.ReusableComponentException -->
          <reporter-output>
          </reporter-output>
        </test-method> <!-- runScenario -->
        <test-method signature="runScenario(io.cucumber.testng.PickleWrapper, io.cucumber.testng.FeatureWrapper)[pri:0, instance:com.mindtree.runner.BDDTestRunner@399f45b1]" started-at="2022-01-16T18:30:04 IST" name="runScenario" description="Runs Cucumber Scenarios" data-provider="scenarios" finished-at="2022-01-16T18:30:41 IST" duration-ms="36697" status="FAIL">
          <params>
            <param index="0">
              <value>
                <![CDATA["selecting car in airport"]]>
              </value>
            </param>
            <param index="1">
              <value>
                <![CDATA["Optional[airport book]"]]>
              </value>
            </param>
          </params>
          <exception class="com.mindtree.exceptions.PageObjectException">
            <message>
              <![CDATA[no such element: Unable to locate element: {"method":"xpath","selector":"//div[@class='card ng-star-inserted']"}
  (Session info: chrome=97.0.4692.71)
For documentation on this error, please visit: https://www.seleniumhq.org/exceptions/no_such_element.html
Build info: version: '3.141.59', revision: 'e82be7d358', time: '2018-11-14T08:17:03'
System info: host: 'JARVIS', ip: '192.168.43.101', os.name: 'Windows 10', os.arch: 'amd64', os.version: '10.0', java.version: '12'
Driver info: org.openqa.selenium.chrome.ChromeDriver
Capabilities {acceptInsecureCerts: false, browserName: chrome, browserVersion: 97.0.4692.71, chrome: {chromedriverVersion: 96.0.4664.45 (76e4c1bb2ab46..., userDataDir: C:\Users\JARVIS\AppData\Loc...}, goog:chromeOptions: {debuggerAddress: localhost:56483}, javascriptEnabled: true, networkConnectionEnabled: false, pageLoadStrategy: normal, platform: WINDOWS, platformName: WINDOWS, proxy: Proxy(), setWindowRect: true, strictFileInteractability: false, timeouts: {implicit: 0, pageLoad: 300000, script: 30000}, unhandledPromptBehavior: dismiss and notify, webauthn:extension:credBlob: true, webauthn:extension:largeBlob: true, webauthn:virtualAuthenticators: true}
Session ID: 034d9b50349fa7afb1e75621c7300e8e
*** Element info: {Using=xpath, value=//div[@class='card ng-star-inserted']}]]>
            </message>
            <full-stacktrace>
              <![CDATA[com.mindtree.exceptions.PageObjectException: no such element: Unable to locate element: {"method":"xpath","selector":"//div[@class='card ng-star-inserted']"}
  (Session info: chrome=97.0.4692.71)
For documentation on this error, please visit: https://www.seleniumhq.org/exceptions/no_such_element.html
Build info: version: '3.141.59', revision: 'e82be7d358', time: '2018-11-14T08:17:03'
System info: host: 'JARVIS', ip: '192.168.43.101', os.name: 'Windows 10', os.arch: 'amd64', os.version: '10.0', java.version: '12'
Driver info: org.openqa.selenium.chrome.ChromeDriver
Capabilities {acceptInsecureCerts: false, browserName: chrome, browserVersion: 97.0.4692.71, chrome: {chromedriverVersion: 96.0.4664.45 (76e4c1bb2ab46..., userDataDir: C:\Users\JARVIS\AppData\Loc...}, goog:chromeOptions: {debuggerAddress: localhost:56483}, javascriptEnabled: true, networkConnectionEnabled: false, pageLoadStrategy: normal, platform: WINDOWS, platformName: WINDOWS, proxy: Proxy(), setWindowRect: true, strictFileInteractability: false, timeouts: {implicit: 0, pageLoad: 300000, script: 30000}, unhandledPromptBehavior: dismiss and notify, webauthn:extension:credBlob: true, webauthn:extension:largeBlob: true, webauthn:virtualAuthenticators: true}
Session ID: 034d9b50349fa7afb1e75621c7300e8e
*** Element info: {Using=xpath, value=//div[@class='card ng-star-inserted']}
at com.mindtree.pageObject.airport.verify(airport.java:69)
at com.mindtree.stepDefinitions.airportStepDef.if_booking_detail_is_displayed_redirect_to_home_page(airportStepDef.java:83)
at ✽.if booking detail is displayed redirect to home page(file:///C:/Users/JARVIS/eclipse-workspace-new/BDDAssessment/Features/airport.feature:15)
]]>
            </full-stacktrace>
          </exception> <!-- com.mindtree.exceptions.PageObjectException -->
          <reporter-output>
          </reporter-output>
        </test-method> <!-- runScenario -->
        <test-method signature="runScenario(io.cucumber.testng.PickleWrapper, io.cucumber.testng.FeatureWrapper)[pri:0, instance:com.mindtree.runner.BDDTestRunner@399f45b1]" started-at="2022-01-16T18:30:41 IST" name="runScenario" description="Runs Cucumber Scenarios" data-provider="scenarios" finished-at="2022-01-16T18:31:06 IST" duration-ms="24555" status="PASS">
          <params>
            <param index="0">
              <value>
                <![CDATA["verify download app"]]>
              </value>
            </param>
            <param index="1">
              <value>
                <![CDATA["Optional[download app]"]]>
              </value>
            </param>
          </params>
          <reporter-output>
          </reporter-output>
        </test-method> <!-- runScenario -->
        <test-method signature="runScenario(io.cucumber.testng.PickleWrapper, io.cucumber.testng.FeatureWrapper)[pri:0, instance:com.mindtree.runner.BDDTestRunner@399f45b1]" started-at="2022-01-16T18:31:06 IST" name="runScenario" description="Runs Cucumber Scenarios" data-provider="scenarios" finished-at="2022-01-16T18:31:35 IST" duration-ms="29686" status="PASS">
          <params>
            <param index="0">
              <value>
                <![CDATA["selecting car in local"]]>
              </value>
            </param>
            <param index="1">
              <value>
                <![CDATA["Optional[local book]"]]>
              </value>
            </param>
          </params>
          <reporter-output>
          </reporter-output>
        </test-method> <!-- runScenario -->
        <test-method signature="runScenario(io.cucumber.testng.PickleWrapper, io.cucumber.testng.FeatureWrapper)[pri:0, instance:com.mindtree.runner.BDDTestRunner@399f45b1]" started-at="2022-01-16T18:31:35 IST" name="runScenario" description="Runs Cucumber Scenarios" data-provider="scenarios" finished-at="2022-01-16T18:32:12 IST" duration-ms="36417" status="PASS">
          <params>
            <param index="0">
              <value>
                <![CDATA["selecting car in outstation"]]>
              </value>
            </param>
            <param index="1">
              <value>
                <![CDATA["Optional[Outstation book]"]]>
              </value>
            </param>
          </params>
          <reporter-output>
          </reporter-output>
        </test-method> <!-- runScenario -->
        <test-method signature="runScenario(io.cucumber.testng.PickleWrapper, io.cucumber.testng.FeatureWrapper)[pri:0, instance:com.mindtree.runner.BDDTestRunner@399f45b1]" started-at="2022-01-16T18:32:12 IST" name="runScenario" description="Runs Cucumber Scenarios" data-provider="scenarios" finished-at="2022-01-16T18:32:50 IST" duration-ms="37877" status="PASS">
          <params>
            <param index="0">
              <value>
                <![CDATA["selecting car in roundtrip"]]>
              </value>
            </param>
            <param index="1">
              <value>
                <![CDATA["Optional[roundtrip book]"]]>
              </value>
            </param>
          </params>
          <reporter-output>
          </reporter-output>
        </test-method> <!-- runScenario -->
        <test-method signature="runScenario(io.cucumber.testng.PickleWrapper, io.cucumber.testng.FeatureWrapper)[pri:0, instance:com.mindtree.runner.BDDTestRunner@399f45b1]" started-at="2022-01-16T18:32:50 IST" name="runScenario" description="Runs Cucumber Scenarios" data-provider="scenarios" finished-at="2022-01-16T18:33:05 IST" duration-ms="15031" status="PASS">
          <params>
            <param index="0">
              <value>
                <![CDATA["validate the page title"]]>
              </value>
            </param>
            <param index="1">
              <value>
                <![CDATA["Optional[Validate Page]"]]>
              </value>
            </param>
          </params>
          <reporter-output>
          </reporter-output>
        </test-method> <!-- runScenario -->
        <test-method is-config="true" signature="tearDownClass()[pri:0, instance:com.mindtree.runner.BDDTestRunner@399f45b1]" started-at="2022-01-16T18:33:05 IST" name="tearDownClass" finished-at="2022-01-16T18:33:05 IST" duration-ms="10" status="PASS">
          <reporter-output>
          </reporter-output>
        </test-method> <!-- tearDownClass -->
      </class> <!-- com.mindtree.runner.BDDTestRunner -->
    </test> <!-- Default test -->
  </suite> <!-- Default suite -->
</testng-results>
